Started at Sun Jul 14 00:16:39 UTC 2019
Checking build_project
Checking deploy_project
Checking hook_job
Checking job2
Checking job3
Checking job4
Checking jobslave
Checking keerthi01_build
Checking test_project
Finished at Sun Jul 14 00:16:39 UTC 2019. 12ms
Started at Mon Jul 15 00:16:39 UTC 2019
Checking build_project
Checking deploy_project
Checking hook_job
Checking job2
Checking job3
Checking job4
Checking jobslave
Checking keerthi01_build
Checking test_project
Finished at Mon Jul 15 00:16:39 UTC 2019. 5ms
